\BOOKMARK [0][-]{chapter.1}{\376\377\000I\000n\000t\000r\000o\000d\000u\000c\000t\000i\000o\000n}{}% 1
\BOOKMARK [1][-]{section.1.1}{\376\377\000A\000b\000s\000t\000r\000a\000c\000t}{chapter.1}% 2
\BOOKMARK [1][-]{section.1.2}{\376\377\000D\000e\000f\000i\000n\000i\000t\000i\000o\000n\000s}{chapter.1}% 3
\BOOKMARK [2][-]{subsection.1.2.1}{\376\377\000P\000e\000o\000p\000l\000e}{section.1.2}% 4
\BOOKMARK [2][-]{subsection.1.2.2}{\376\377\000D\000a\000t\000a}{section.1.2}% 5
\BOOKMARK [2][-]{subsection.1.2.3}{\376\377\000F\000i\000t\000\040\000F\000u\000t\000u\000r\000e\000s}{section.1.2}% 6
\BOOKMARK [2][-]{subsection.1.2.4}{\376\377\000L\000e\000g\000a\000l}{section.1.2}% 7
\BOOKMARK [2][-]{subsection.1.2.5}{\376\377\000P\000r\000i\000v\000a\000c\000y\000\040\000l\000e\000v\000e\000l\000s}{section.1.2}% 8
\BOOKMARK [2][-]{subsection.1.2.6}{\376\377\000S\000t\000a\000t\000i\000s\000t\000i\000c\000s}{section.1.2}% 9
\BOOKMARK [2][-]{subsection.1.2.7}{\376\377\000P\000r\000o\000g\000r\000a\000m\000m\000i\000n\000g\000\040\000l\000a\000n\000g\000u\000a\000g\000e\000s}{section.1.2}% 10
\BOOKMARK [2][-]{subsection.1.2.8}{\376\377\000T\000e\000c\000h\000n\000o\000l\000o\000g\000i\000e\000s}{section.1.2}% 11
\BOOKMARK [1][-]{section.1.3}{\376\377\000M\000i\000m\000i\000s\000b\000r\000u\000n\000n\000r\000\040\000o\000v\000e\000r\000v\000i\000e\000w}{chapter.1}% 12
\BOOKMARK [0][-]{chapter.2}{\376\377\000M\000e\000t\000a\000d\000a\000t\000a}{}% 13
\BOOKMARK [1][-]{section.2.1}{\376\377\000I\000n\000t\000r\000o}{chapter.2}% 14
\BOOKMARK [1][-]{section.2.2}{\376\377\000O\000r\000i\000g\000i\000n\000a\000l\000\040\000f\000i\000l\000e\000s}{chapter.2}% 15
\BOOKMARK [2][-]{subsection.2.2.1}{\376\377\000B\000a\000s\000i\000c\000\040\000i\000n\000f\000o\000r\000m\000a\000t\000i\000o\000n}{section.2.2}% 16
\BOOKMARK [1][-]{section.2.3}{\376\377\000D\000a\000t\000a\000\040\000d\000e\000s\000c\000r\000i\000p\000t\000i\000o\000n}{chapter.2}% 17
\BOOKMARK [2][-]{subsection.2.3.1}{\376\377\000P\000e\000r\000s\000o\000n\000a\000l\000\040\000k\000e\000y}{section.2.3}% 18
\BOOKMARK [2][-]{subsection.2.3.2}{\376\377\000B\000a\000s\000i\000c\000\040\000i\000n\000f\000o\000r\000m\000a\000t\000i\000o\000n}{section.2.3}% 19
\BOOKMARK [2][-]{subsection.2.3.3}{\376\377\000S\000c\000h\000o\000o\000l\000\040\000a\000n\000d\000\040\000e\000d\000u\000c\000a\000t\000i\000o\000n}{section.2.3}% 20
\BOOKMARK [2][-]{subsection.2.3.4}{\376\377\000R\000e\000c\000r\000e\000a\000t\000i\000o\000n\000a\000l\000\040\000D\000r\000u\000g\000s}{section.2.3}% 21
\BOOKMARK [2][-]{subsection.2.3.5}{\376\377\000P\000h\000y\000s\000i\000c\000a\000l\000\040\000A\000c\000t\000i\000v\000i\000t\000y}{section.2.3}% 22
\BOOKMARK [2][-]{subsection.2.3.6}{\376\377\000A\000n\000t\000h\000r\000o\000p\000o\000m\000e\000t\000r\000y}{section.2.3}% 23
\BOOKMARK [2][-]{subsection.2.3.7}{\376\377\000M\000e\000d\000i\000c\000i\000n\000e\000s}{section.2.3}% 24
\BOOKMARK [2][-]{subsection.2.3.8}{\376\377\000D\000i\000s\000e\000a\000s\000e\000s}{section.2.3}% 25
\BOOKMARK [2][-]{subsection.2.3.9}{\376\377\000M\000e\000n\000s\000t\000r\000u\000a\000l\000\040\000i\000n\000f\000o\000r\000m\000a\000t\000i\000o\000n}{section.2.3}% 26
\BOOKMARK [2][-]{subsection.2.3.10}{\376\377\000P\000u\000b\000e\000r\000t\000y}{section.2.3}% 27
\BOOKMARK [2][-]{subsection.2.3.11}{\376\377\000N\000u\000t\000r\000i\000t\000i\000o\000n}{section.2.3}% 28
\BOOKMARK [2][-]{subsection.2.3.12}{\376\377\000B\000i\000o\000m\000a\000r\000k\000e\000r\000s}{section.2.3}% 29
\BOOKMARK [2][-]{subsection.2.3.13}{\376\377\000C\000o\000n\000t\000r\000a\000c\000e\000p\000t\000i\000v\000e\000s}{section.2.3}% 30
\BOOKMARK [2][-]{subsection.2.3.14}{\376\377\000S\000o\000c\000i\000o\000l\000o\000g\000y}{section.2.3}% 31
\BOOKMARK [2][-]{subsection.2.3.15}{\376\377\000N\000e\000t\000w\000o\000r\000k}{section.2.3}% 32
\BOOKMARK [2][-]{subsection.2.3.16}{\376\377\000S\000.\000A\000u\000r\000e\000u\000s}{section.2.3}% 33
