\BOOKMARK [1][-]{section.1}{\376\377\000A\000b\000s\000t\000r\000a\000c\000t}{}% 1
\BOOKMARK [2][-]{subsection.1.1}{\376\377\000M\000e\000t\000h\000o\000d\000s}{section.1}% 2
\BOOKMARK [2][-]{subsection.1.2}{\376\377\000F\000i\000n\000d\000i\000n\000g\000s}{section.1}% 3
\BOOKMARK [2][-]{subsection.1.3}{\376\377\000I\000n\000t\000e\000r\000p\000r\000e\000t\000a\000t\000i\000o\000n}{section.1}% 4
\BOOKMARK [2][-]{subsection.1.4}{\376\377\000F\000u\000n\000d\000i\000n\000g}{section.1}% 5
\BOOKMARK [1][-]{section.2}{\376\377\000I\000n\000t\000r\000o\000d\000u\000c\000t\000i\000o\000n}{}% 6
\BOOKMARK [1][-]{section.3}{\376\377\000M\000e\000t\000h\000o\000d\000s}{}% 7
\BOOKMARK [2][-]{subsection.3.1}{\376\377\000P\000o\000p\000u\000l\000a\000t\000i\000o\000n\000\040\000a\000n\000d\000\040\000s\000t\000u\000d\000y\000\040\000d\000e\000s\000i\000g\000n}{section.3}% 8
\BOOKMARK [2][-]{subsection.3.2}{\376\377\000H\000o\000s\000t\000\040\000r\000i\000s\000k\000\040\000f\000a\000c\000t\000o\000r\000s}{section.3}% 9
\BOOKMARK [2][-]{subsection.3.3}{\376\377\000O\000l\000i\000n\000k\000\040\000T\000a\000r\000g\000e\000t\000\040\0009\0006\000\040\000I\000n\000f\000l\000a\000m\000m\000a\000t\000i\000o\000n}{section.3}% 10
\BOOKMARK [2][-]{subsection.3.4}{\376\377\000S\000o\000c\000i\000a\000l\000\040\000n\000e\000t\000w\000o\000r\000k\000\040\000a\000n\000a\000l\000y\000s\000i\000s}{section.3}% 11
\BOOKMARK [2][-]{subsection.3.5}{\376\377\000S\000t\000a\000t\000i\000s\000t\000i\000c\000a\000l\000\040\000a\000n\000a\000l\000y\000s\000i\000s}{section.3}% 12
\BOOKMARK [3][-]{subsubsection.3.5.1}{\376\377\000S\000o\000f\000t\000w\000a\000r\000e}{subsection.3.5}% 13
\BOOKMARK [3][-]{subsubsection.3.5.2}{\376\377\000H\000o\000s\000t\000\040\000f\000a\000c\000t\000o\000r\000s}{subsection.3.5}% 14
\BOOKMARK [3][-]{subsubsection.3.5.3}{\376\377\000S\000o\000c\000i\000a\000l\000\040\000i\000n\000f\000l\000u\000e\000n\000c\000e}{subsection.3.5}% 15
\BOOKMARK [3][-]{subsubsection.3.5.4}{\376\377\000E\000t\000h\000i\000c\000s}{subsection.3.5}% 16
\BOOKMARK [1][-]{section.4}{\376\377\000R\000e\000s\000u\000l\000t\000s}{}% 17
\BOOKMARK [2][-]{subsection.4.1}{\376\377\000S\000u\000m\000m\000a\000r\000y\000\040\000s\000t\000a\000t\000i\000s\000t\000i\000c\000s}{section.4}% 18
\BOOKMARK [3][-]{subsubsection.4.1.1}{\376\377\000S\000e\000x\000\040\000d\000i\000f\000f\000e\000r\000e\000n\000c\000e\000s}{subsection.4.1}% 19
\BOOKMARK [3][-]{subsubsection.4.1.2}{\376\377\000L\000O\000D}{subsection.4.1}% 20
\BOOKMARK [3][-]{subsubsection.4.1.3}{\376\377\000C\000a\000t\000e\000g\000o\000r\000i\000e\000s}{subsection.4.1}% 21
\BOOKMARK [1][-]{section.5}{\376\377\000D\000i\000s\000c\000u\000s\000s\000i\000o\000n}{}% 22
\BOOKMARK [1][-]{section.6}{\376\377\000T\000o\000y\000\040\000s\000e\000c\000t\000i\000o\000n}{}% 23
\BOOKMARK [1][-]{section.7}{\376\377\000D\000o\000c\000u\000m\000e\000n\000t\000\040\000V\000e\000r\000s\000i\000o\000n\000\040\000c\000o\000n\000t\000r\000o\000l}{}% 24
\BOOKMARK [1][-]{section.8}{\376\377\000S\000u\000p\000l\000e\000m\000e\000n\000t\000a\000r\000y\000\040\000m\000a\000t\000e\000r\000i\000a\000l}{}% 25
